<?xml version="1.0" encoding="UTF-8"?>
<testng-results ignored="0" total="1" passed="1" failed="0" skipped="0">
  <reporter-output>
  </reporter-output>
  <suite started-at="2022-10-13T09:12:06 IST" name="Default suite" finished-at="2022-10-13T09:12:44 IST" duration-ms="37693">
    <groups>
    </groups>
    <test started-at="2022-10-13T09:12:06 IST" name="Default test" finished-at="2022-10-13T09:12:44 IST" duration-ms="37693">
      <class name="testCases.TestCases">
        <test-method is-config="true" signature="openVtigerwithGeneric()[pri:0, instance:testCases.TestCases@c8c12ac]" started-at="2022-10-13T09:12:06 IST" name="openVtigerwithGeneric" finished-at="2022-10-13T09:12:14 IST" duration-ms="7463" status="PASS">
          <reporter-output>
          </reporter-output>
        </test-method> <!-- openVtigerwithGeneric -->
        <test-method is-config="true" signature="loginMethod(java.lang.reflect.Method)[pri:0, instance:testCases.TestCases@c8c12ac]" started-at="2022-10-13T09:12:14 IST" name="loginMethod" finished-at="2022-10-13T09:12:19 IST" duration-ms="5220" status="PASS">
          <params>
            <param index="0">
              <value>
                <![CDATA[public void testCases.TestCases.validate() throws java.io.IOException]]>
              </value>
            </param>
          </params>
          <reporter-output>
          </reporter-output>
        </test-method> <!-- loginMethod -->
        <test-method signature="validate()[pri:0, instance:testCases.TestCases@c8c12ac]" started-at="2022-10-13T09:12:19 IST" name="validate" finished-at="2022-10-13T09:12:43 IST" duration-ms="23792" status="PASS">
          <reporter-output>
          </reporter-output>
        </test-method> <!-- validate -->
        <test-method is-config="true" signature="logOut()[pri:0, instance:testCases.TestCases@c8c12ac]" started-at="2022-10-13T09:12:43 IST" name="logOut" finished-at="2022-10-13T09:12:44 IST" duration-ms="1152" status="PASS">
          <reporter-output>
          </reporter-output>
        </test-method> <!-- logOut -->
        <test-method is-config="true" signature="flush()[pri:0, instance:testCases.TestCases@c8c12ac]" started-at="2022-10-13T09:12:44 IST" name="flush" finished-at="2022-10-13T09:12:44 IST" duration-ms="374" status="PASS">
          <reporter-output>
          </reporter-output>
        </test-method> <!-- flush -->
      </class> <!-- testCases.TestCases -->
    </test> <!-- Default test -->
  </suite> <!-- Default suite -->
</testng-results>
